{
  "stats": {
    "suites": 22,
    "tests": 55,
    "passes": 54,
    "pending": 1,
    "failures": 0,
    "testsRegistered": 55,
    "passPercent": 98.18181818181819,
    "pendingPercent": 1.8181818181818181,
    "other": 0,
    "hasOther": false,
    "skipped": 0,
    "hasSkipped": false,
    "start": "2023-04-02T12:08:25.626Z",
    "end": "2023-04-02T12:11:59.027Z",
    "duration": 213401
  },
  "results": [
    {
      "uuid": "9e2f70c7-6427-4d94-b4b0-80e6ff107040",
      "title": "",
      "fullFile": "cypress/e2e/automation-test-store/add-multiple-products-to-busket.js",
      "file": "cypress/e2e/automation-test-store/add-multiple-products-to-busket.js",
      "beforeHooks": [],
      "afterHooks": [],
      "tests": [],
      "suites": [
        {
          "uuid": "2ff9d0ba-f803-4aa5-8629-0ce0ca48268d",
          "title": "Add multiple items to basket",
          "fullFile": "",
          "file": "",
          "beforeHooks": [],
          "afterHooks": [],
          "tests": [
            {
              "title": "Add specific items to basket",
              "fullTitle": "Add multiple items to basket Add specific items to basket",
              "timedOut": null,
              "duration": 12237,
              "state": "passed",
              "speed": "slow",
              "pass": true,
              "fail": false,
              "pending": false,
              "context": null,
              "code": "autoStore_HairCare_PO.addHairCareProductsToBasket();",
              "err": {},
              "uuid": "a418e362-2938-432c-8caa-f963e30b8b8e",
              "parentUUID": "2ff9d0ba-f803-4aa5-8629-0ce0ca48268d",
              "isHook": false,
              "skipped": false
            }
          ],
          "suites": [],
          "passes": [
            "a418e362-2938-432c-8caa-f963e30b8b8e"
          ],
          "failures": [],
          "pending": [],
          "skipped": [],
          "duration": 12237,
          "root": false,
          "rootEmpty": false,
          "_timeout": 2000
        }
      ],
      "passes": [],
      "failures": [],
      "pending": [],
      "skipped": [],
      "duration": 0,
      "root": true,
      "rootEmpty": true,
      "_timeout": 2000
    },
    {
      "uuid": "08e05e5c-11f6-4c47-9b85-a2dc481ddd98",
      "title": "",
      "fullFile": "cypress/e2e/automation-test-store/alias-invoke.js",
      "file": "cypress/e2e/automation-test-store/alias-invoke.js",
      "beforeHooks": [],
      "afterHooks": [],
      "tests": [],
      "suites": [
        {
          "uuid": "a03d3f49-e1c9-44e7-b14a-3937b7d175a8",
          "title": "Alias and Invoke",
          "fullFile": "",
          "file": "",
          "beforeHooks": [],
          "afterHooks": [],
          "tests": [
            {
              "title": "Calculate total and sale products",
              "fullTitle": "Alias and Invoke Calculate total and sale products",
              "timedOut": null,
              "duration": 5204,
              "state": "passed",
              "speed": "medium",
              "pass": true,
              "fail": false,
              "pending": false,
              "context": null,
              "code": "cy.visit(\"https://automationteststore.com/\");\n//cy.get(\".thumbnail\").as('productThumbnail')\n// cy.get('@productThumbnail').find('.oneprice').each(($ele,index,$list) => {\n//   cy.log($ele.text())\n// })\nlet itemsTotal = 0;\ncy.get('.thumbnail').find('.oneprice').invoke('text').as('itemPrice');\ncy.get('.thumbnail').find('.pricenew').invoke('text').as('saleItemPrice');\ncy.get('@itemPrice').then($priceList => {\n  let itemPrice = $priceList.split('$');\n  let nonSalePriceItemTotal = 0;\n  for (let i = 0; i < itemPrice.length; i++) {\n    cy.log(itemPrice[i]);\n    nonSalePriceItemTotal += Number(itemPrice[i]);\n  }\n  itemsTotal += nonSalePriceItemTotal;\n  cy.log('Non sale price items total :$' + nonSalePriceItemTotal);\n});\ncy.get('@saleItemPrice').then($priceList => {\n  let saleItemsPrice = 0;\n  let saleItemList = $priceList.split('$');\n  for (let i = 0; i < saleItemList.length; i++) {\n    cy.log(saleItemList[i]);\n    saleItemsPrice += Number(saleItemList[i]);\n  }\n  itemsTotal += saleItemsPrice;\n  cy.log('Sale item price total : $' + saleItemsPrice);\n}).then(() => {\n  cy.log('The price of all items :' + itemsTotal);\n  expect(itemsTotal).to.equal(639.49);\n});",
              "err": {},
              "uuid": "b628bcc6-cb43-4daa-a53d-688f67b7b830",
              "parentUUID": "a03d3f49-e1c9-44e7-b14a-3937b7d175a8",
              "isHook": false,
              "skipped": false
            }
          ],
          "suites": [],
          "passes": [
            "b628bcc6-cb43-4daa-a53d-688f67b7b830"
          ],
          "failures": [],
          "pending": [],
          "skipped": [],
          "duration": 5204,
          "root": false,
          "rootEmpty": false,
          "_timeout": 2000
        }
      ],
      "passes": [],
      "failures": [],
      "pending": [],
      "skipped": [],
      "duration": 0,
      "root": true,
      "rootEmpty": true,
      "_timeout": 2000
    },
    {
      "uuid": "470e0e9b-3088-4b04-a17c-2fad5ac93bb7",
      "title": "",
      "fullFile": "cypress/e2e/automation-test-store/contact-us.js",
      "file": "cypress/e2e/automation-test-store/contact-us.js",
      "beforeHooks": [],
      "afterHooks": [],
      "tests": [],
      "suites": [
        {
          "uuid": "5e4fe382-c47f-4f44-b2ed-5be82219c322",
          "title": "Test Contact us form in automation test store portal",
          "fullFile": "",
          "file": "",
          "beforeHooks": [],
          "afterHooks": [],
          "tests": [
            {
              "title": "Verify user should be able to submit a successful submition via contact us form",
              "fullTitle": "Test Contact us form in automation test store portal Verify user should be able to submit a successful submition via contact us form",
              "timedOut": null,
              "duration": 12207,
              "state": "passed",
              "speed": "slow",
              "pass": true,
              "fail": false,
              "pending": false,
              "context": null,
              "code": "cy.visit(\"https://automationteststore.com/\");\n//cy.get(\"a[href$='contact']\").click();\ncy.xpath(\"//a[contains(@href,'contact')]\").click().then(function (clickedOnButton) {\n  cy.log(\"You have clicked on the \" + clickedOnButton.text() + \" button\");\n});\ncy.get('@user').then(function (user) {\n  cy.get('#ContactUsFrm_first_name').type(user.first_name);\n  cy.get('#ContactUsFrm_email').type(user.email);\n});\ncy.get('#ContactUsFrm_email').should('have.attr', 'name', 'email');\ncy.get('#ContactUsFrm_enquiry').type(\"Do you do discounts on bulk purchase?\");\ncy.get('button[title=\"Submit\"]').click();\ncy.get('.mb40 > :nth-child(3)').should('have.text', 'Your enquiry has been successfully sent to the store owner!');",
              "err": {},
              "uuid": "2eaa6ab2-edb4-4a2c-8e79-dae014ece7dd",
              "parentUUID": "5e4fe382-c47f-4f44-b2ed-5be82219c322",
              "isHook": false,
              "skipped": false
            }
          ],
          "suites": [],
          "passes": [
            "2eaa6ab2-edb4-4a2c-8e79-dae014ece7dd"
          ],
          "failures": [],
          "pending": [],
          "skipped": [],
          "duration": 12207,
          "root": false,
          "rootEmpty": false,
          "_timeout": 2000
        }
      ],
      "passes": [],
      "failures": [],
      "pending": [],
      "skipped": [],
      "duration": 0,
      "root": true,
      "rootEmpty": true,
      "_timeout": 2000
    },
    {
      "uuid": "eb17457e-3805-4b07-a218-a2987b1b7733",
      "title": "",
      "fullFile": "cypress/e2e/automation-test-store/inspect-item.js",
      "file": "cypress/e2e/automation-test-store/inspect-item.js",
      "beforeHooks": [],
      "afterHooks": [],
      "tests": [],
      "suites": [
        {
          "uuid": "e8ddd538-26c6-4a92-9e1b-a306b4ece3b0",
          "title": "Inspect Automation test store items using chain of command",
          "fullFile": "",
          "file": "",
          "beforeHooks": [],
          "afterHooks": [],
          "tests": [
            {
              "title": "Click on the first item using item header",
              "fullTitle": "Inspect Automation test store items using chain of command Click on the first item using item header",
              "timedOut": null,
              "duration": 6974,
              "state": "passed",
              "speed": "medium",
              "pass": true,
              "fail": false,
              "pending": false,
              "context": null,
              "code": "cy.visit(\"https://automationteststore.com/\");\ncy.get('#block_frame_featured_1769 > .thumbnails > :nth-child(1) > .fixed_wrapper > .fixed > .prdocutname').click();",
              "err": {},
              "uuid": "7d3982f7-9e9c-4642-b7fa-dac0e859cffa",
              "parentUUID": "e8ddd538-26c6-4a92-9e1b-a306b4ece3b0",
              "isHook": false,
              "skipped": false
            },
            {
              "title": "Click on the first item using item text",
              "fullTitle": "Inspect Automation test store items using chain of command Click on the first item using item text",
              "timedOut": null,
              "duration": 4681,
              "state": "passed",
              "speed": "fast",
              "pass": true,
              "fail": false,
              "pending": false,
              "context": null,
              "code": "cy.visit(\"https://automationteststore.com/\");\ncy.get('.prdocutname').contains('Skinsheen Bronzer Stick').click().then(function (itemHeaderText) {\n  console.log(\"Selected the following item : \" + itemHeaderText.text());\n});",
              "err": {},
              "uuid": "d1c4c276-8a62-4a0e-a5aa-4a6797f38088",
              "parentUUID": "e8ddd538-26c6-4a92-9e1b-a306b4ece3b0",
              "isHook": false,
              "skipped": false
            },
            {
              "title": "Click on the first item using index",
              "fullTitle": "Inspect Automation test store items using chain of command Click on the first item using index",
              "timedOut": null,
              "duration": 4572,
              "state": "passed",
              "speed": "fast",
              "pass": true,
              "fail": false,
              "pending": false,
              "context": null,
              "code": "cy.visit(\"https://automationteststore.com/\");\ncy.get('.fixed_wrapper').find('.prdocutname').eq(0).click();",
              "err": {},
              "uuid": "ecdc27d6-d332-4ab0-9ac8-2de6cc68bdb0",
              "parentUUID": "e8ddd538-26c6-4a92-9e1b-a306b4ece3b0",
              "isHook": false,
              "skipped": false
            }
          ],
          "suites": [],
          "passes": [
            "7d3982f7-9e9c-4642-b7fa-dac0e859cffa",
            "d1c4c276-8a62-4a0e-a5aa-4a6797f38088",
            "ecdc27d6-d332-4ab0-9ac8-2de6cc68bdb0"
          ],
          "failures": [],
          "pending": [],
          "skipped": [],
          "duration": 16227,
          "root": false,
          "rootEmpty": false,
          "_timeout": 2000
        }
      ],
      "passes": [],
      "failures": [],
      "pending": [],
      "skipped": [],
      "duration": 0,
      "root": true,
      "rootEmpty": true,
      "_timeout": 2000
    },
    {
      "uuid": "b2a4aba0-bda8-486f-9fe8-5023d91b8216",
      "title": "",
      "fullFile": "cypress/e2e/automation-test-store/iterate-over-elements.js",
      "file": "cypress/e2e/automation-test-store/iterate-over-elements.js",
      "beforeHooks": [],
      "afterHooks": [],
      "tests": [],
      "suites": [
        {
          "uuid": "3d35c249-f619-44fe-b41e-be4ba1b7ba2e",
          "title": "Iterate over elements",
          "fullFile": "",
          "file": "",
          "beforeHooks": [],
          "afterHooks": [],
          "tests": [
            {
              "title": "Log information of all hair care products",
              "fullTitle": "Iterate over elements Log information of all hair care products",
              "timedOut": null,
              "duration": 7147,
              "state": "passed",
              "speed": "medium",
              "pass": true,
              "fail": false,
              "pending": false,
              "context": null,
              "code": "cy.get('.fixed_wrapper .prdocutname').each(($el, index, $list) => {\n  cy.log(\"index :\" + index + \": \" + $el.text());\n});",
              "err": {},
              "uuid": "4d7840b1-77d3-4c8e-bdb5-bec9541842d7",
              "parentUUID": "3d35c249-f619-44fe-b41e-be4ba1b7ba2e",
              "isHook": false,
              "skipped": false
            },
            {
              "title": "Add specific product to cart",
              "fullTitle": "Iterate over elements Add specific product to cart",
              "timedOut": null,
              "duration": 7443,
              "state": "passed",
              "speed": "medium",
              "pass": true,
              "fail": false,
              "pending": false,
              "context": null,
              "code": "// cy.visit(\"https://automationteststore.com/\")\n// cy.get('a[href*=\"roduct/category&path\"]').contains(\"Hair Care\").click()\n// cy.get('.fixed_wrapper .prdocutname').each(($el, index, $list) => {\n//     if($el.text().includes('Curls to straight Shampoo')){\n//         cy.wrap($el).click()\n//     }\n// })\ncy.selectProduct('Curls to straight Shampoo');",
              "err": {},
              "uuid": "f41c9e41-09ef-4a59-bc86-80c978c68000",
              "parentUUID": "3d35c249-f619-44fe-b41e-be4ba1b7ba2e",
              "isHook": false,
              "skipped": false
            },
            {
              "title": "Add another specific product to cart",
              "fullTitle": "Iterate over elements Add another specific product to cart",
              "timedOut": null,
              "duration": 4708,
              "state": "passed",
              "speed": "fast",
              "pass": true,
              "fail": false,
              "pending": false,
              "context": null,
              "code": "cy.selectProduct('Eau Parfumee au The Vert Shampoo');",
              "err": {},
              "uuid": "bbb544b2-badd-4f1c-97e8-01bd992330df",
              "parentUUID": "3d35c249-f619-44fe-b41e-be4ba1b7ba2e",
              "isHook": false,
              "skipped": false
            }
          ],
          "suites": [],
          "passes": [
            "4d7840b1-77d3-4c8e-bdb5-bec9541842d7",
            "f41c9e41-09ef-4a59-bc86-80c978c68000",
            "bbb544b2-badd-4f1c-97e8-01bd992330df"
          ],
          "failures": [],
          "pending": [],
          "skipped": [],
          "duration": 19298,
          "root": false,
          "rootEmpty": false,
          "_timeout": 2000
        }
      ],
      "passes": [],
      "failures": [],
      "pending": [],
      "skipped": [],
      "duration": 0,
      "root": true,
      "rootEmpty": true,
      "_timeout": 2000
    },
    {
      "uuid": "41d3b044-c826-4860-90ad-b872434a9a80",
      "title": "",
      "fullFile": "cypress/e2e/automation-test-store/variables-and-cy-commands.js",
      "file": "cypress/e2e/automation-test-store/variables-and-cy-commands.js",
      "beforeHooks": [],
      "afterHooks": [],
      "tests": [],
      "suites": [
        {
          "uuid": "34a72dd3-85d9-4c03-9d9b-c32d355f16d5",
          "title": "Verifying variables, cypress commands and jquery commands",
          "fullFile": "",
          "file": "",
          "beforeHooks": [],
          "afterHooks": [],
          "tests": [
            {
              "title": "Validate properties of the contact us page",
              "fullTitle": "Verifying variables, cypress commands and jquery commands Validate properties of the contact us page",
              "timedOut": null,
              "duration": 4346,
              "state": "passed",
              "speed": "fast",
              "pass": true,
              "fail": false,
              "pending": false,
              "context": null,
              "code": "cy.visit(\"https://automationteststore.com/index.php?rt=content/contact\");\n//uses cypress commands and chaining\ncy.contains('#ContactUsFrm', 'Contact Us Form').find('#field_11').should('contain', \"First name\");\n//JQuery  Approach\ncy.contains('#ContactUsFrm', 'Contact Us Form').then(lText => {\n  const firstNameText = lText.find('#field_11').text();\n  expect(firstNameText).to.contain(\"First name\");\n  //Embedded commands(Closure)\n  cy.get('#field_11').then(fnText => {\n    cy.log(fnText.text());\n    cy.log(fnText);\n  });\n});",
              "err": {},
              "uuid": "712779de-29f0-4e77-82af-8a3bb544591c",
              "parentUUID": "34a72dd3-85d9-4c03-9d9b-c32d355f16d5",
              "isHook": false,
              "skipped": false
            }
          ],
          "suites": [],
          "passes": [
            "712779de-29f0-4e77-82af-8a3bb544591c"
          ],
          "failures": [],
          "pending": [],
          "skipped": [],
          "duration": 4346,
          "root": false,
          "rootEmpty": false,
          "_timeout": 2000
        }
      ],
      "passes": [],
      "failures": [],
      "pending": [],
      "skipped": [],
      "duration": 0,
      "root": true,
      "rootEmpty": true,
      "_timeout": 2000
    },
    {
      "uuid": "895919e5-2379-4ca5-84c4-161fe7f989dc",
      "title": "",
      "fullFile": "cypress/e2e/other/same-origin-policy.js",
      "file": "cypress/e2e/other/same-origin-policy.js",
      "beforeHooks": [],
      "afterHooks": [],
      "tests": [],
      "suites": [
        {
          "uuid": "64f57df9-2b9e-4ffd-8839-29e2a04dbe71",
          "title": "Cypress web security",
          "fullFile": "",
          "file": "",
          "beforeHooks": [],
          "afterHooks": [],
          "tests": [
            {
              "title": "Validate visiting two different domains",
              "fullTitle": "Cypress web security Validate visiting two different domains",
              "timedOut": null,
              "duration": 0,
              "state": "pending",
              "speed": null,
              "pass": false,
              "fail": false,
              "pending": true,
              "context": null,
              "code": "cy.visit('http://www.webdriveruniversity.com/');\ncy.visit('https://www.google.com');",
              "err": {},
              "uuid": "7657e5b2-3125-40fa-b766-fcd9459769ac",
              "parentUUID": "64f57df9-2b9e-4ffd-8839-29e2a04dbe71",
              "isHook": false,
              "skipped": false
            },
            {
              "title": "Validate visiting two different domains via user actions",
              "fullTitle": "Cypress web security Validate visiting two different domains via user actions",
              "timedOut": null,
              "duration": 7590,
              "state": "passed",
              "speed": "medium",
              "pass": true,
              "fail": false,
              "pending": false,
              "context": null,
              "code": "cy.visit('http://www.webdriveruniversity.com/');\ncy.get('#automation-test-store').invoke('removeAttr', 'target').click();",
              "err": {},
              "uuid": "72806645-e7ff-4562-aa71-15fec9cbab7f",
              "parentUUID": "64f57df9-2b9e-4ffd-8839-29e2a04dbe71",
              "isHook": false,
              "skipped": false
            },
            {
              "title": "Origin command",
              "fullTitle": "Cypress web security Origin command",
              "timedOut": null,
              "duration": 12221,
              "state": "passed",
              "speed": "slow",
              "pass": true,
              "fail": false,
              "pending": false,
              "context": null,
              "code": "cy.origin('webdriveruniversity.com', () => {\n  cy.visit(\"/\");\n});\ncy.origin('automationteststore.com', () => {\n  cy.visit(\"/\");\n});\n//Same Origin Example:\n//cy.visit(\"https://www.webdriveruniversity.com\");\n//cy.visit(\"https://selectors.webdriveruniversity.com\");",
              "err": {},
              "uuid": "2fdac85e-ca87-40ae-b12c-1348184e5857",
              "parentUUID": "64f57df9-2b9e-4ffd-8839-29e2a04dbe71",
              "isHook": false,
              "skipped": false
            }
          ],
          "suites": [],
          "passes": [
            "72806645-e7ff-4562-aa71-15fec9cbab7f",
            "2fdac85e-ca87-40ae-b12c-1348184e5857"
          ],
          "failures": [],
          "pending": [
            "7657e5b2-3125-40fa-b766-fcd9459769ac"
          ],
          "skipped": [],
          "duration": 19811,
          "root": false,
          "rootEmpty": false,
          "_timeout": 2000
        }
      ],
      "passes": [],
      "failures": [],
      "pending": [],
      "skipped": [],
      "duration": 0,
      "root": true,
      "rootEmpty": true,
      "_timeout": 2000
    },
    {
      "uuid": "0caf8207-c400-496b-84d9-71f2f1043894",
      "title": "",
      "fullFile": "cypress/e2e/webdriver-uni/autocomplete-dropdown-list.js",
      "file": "cypress/e2e/webdriver-uni/autocomplete-dropdown-list.js",
      "beforeHooks": [],
      "afterHooks": [],
      "tests": [],
      "suites": [
        {
          "uuid": "d90427d3-cdf3-4bc7-86e8-4b205d77ede7",
          "title": "Verify autocomplete list via webdriveruni",
          "fullFile": "",
          "file": "",
          "beforeHooks": [],
          "afterHooks": [],
          "tests": [
            {
              "title": "Selet specific product via autocomplete list",
              "fullTitle": "Verify autocomplete list via webdriveruni Selet specific product via autocomplete list",
              "timedOut": null,
              "duration": 3912,
              "state": "passed",
              "speed": "fast",
              "pass": true,
              "fail": false,
              "pending": false,
              "context": null,
              "code": "cy.visit('http://www.webdriveruniversity.com');\ncy.get('#autocomplete-textfield').invoke('removeAttr', 'target').click();\ncy.get('#myInput').type('G');\ncy.get('#myInputautocomplete-list > *').each($ele => {\n  const foods = $ele.text();\n  const nameOfProduct = 'Ginger';\n  if (foods === nameOfProduct) {\n    //$ele.trigger('click')\n    cy.wrap($ele).click();\n    cy.get('#submit-button').click();\n    cy.url().should('include', nameOfProduct);\n  }\n}).then(() => {\n  cy.get('#myInput').type('A');\n  cy.get('#myInputautocomplete-list > *').each($ele => {\n    const foods = $ele.text();\n    const nameOfProduct = 'Avacado';\n    if (foods === nameOfProduct) {\n      cy.wrap($ele).click();\n      cy.get('#submit-button').click();\n      cy.url().should('include', nameOfProduct);\n    }\n  });\n});",
              "err": {},
              "uuid": "352e70e6-8d3f-4a3f-ae0b-c3a737ba6854",
              "parentUUID": "d90427d3-cdf3-4bc7-86e8-4b205d77ede7",
              "isHook": false,
              "skipped": false
            }
          ],
          "suites": [],
          "passes": [
            "352e70e6-8d3f-4a3f-ae0b-c3a737ba6854"
          ],
          "failures": [],
          "pending": [],
          "skipped": [],
          "duration": 3912,
          "root": false,
          "rootEmpty": false,
          "_timeout": 2000
        }
      ],
      "passes": [],
      "failures": [],
      "pending": [],
      "skipped": [],
      "duration": 0,
      "root": true,
      "rootEmpty": true,
      "_timeout": 2000
    },
    {
      "uuid": "eea06b3b-61b7-48de-8af1-4cb8c329abcb",
      "title": "",
      "fullFile": "cypress/e2e/webdriver-uni/browser-navigation.js",
      "file": "cypress/e2e/webdriver-uni/browser-navigation.js",
      "beforeHooks": [],
      "afterHooks": [],
      "tests": [],
      "suites": [
        {
          "uuid": "f345de03-536b-4281-a362-5be883e1fb06",
          "title": "Validate webdriver uni homepage links",
          "fullFile": "",
          "file": "",
          "beforeHooks": [],
          "afterHooks": [],
          "tests": [
            {
              "title": "Confirm links redirect to the correct page",
              "fullTitle": "Validate webdriver uni homepage links Confirm links redirect to the correct page",
              "timedOut": null,
              "duration": 4797,
              "state": "passed",
              "speed": "fast",
              "pass": true,
              "fail": false,
              "pending": false,
              "context": null,
              "code": "cy.visit('http://www.webdriveruniversity.com');\ncy.get('#contact-us').invoke('removeAttr', 'target').click();\ncy.url().should('include', 'contactus');\ncy.go('back');\ncy.reload();\n//cy.reload(true) //reload witout using cache\ncy.go('forward');\ncy.url().should('include', 'contactus');\ncy.go('back');\ncy.get('#to-do-list').invoke('removeAttr', 'target').click();\ncy.url().should('contain', 'To-Do-List');\ncy.go('back');",
              "err": {},
              "uuid": "e4a87307-a7f8-4cd8-a3cb-e9c98b261908",
              "parentUUID": "f345de03-536b-4281-a362-5be883e1fb06",
              "isHook": false,
              "skipped": false
            }
          ],
          "suites": [],
          "passes": [
            "e4a87307-a7f8-4cd8-a3cb-e9c98b261908"
          ],
          "failures": [],
          "pending": [],
          "skipped": [],
          "duration": 4797,
          "root": false,
          "rootEmpty": false,
          "_timeout": 2000
        }
      ],
      "passes": [],
      "failures": [],
      "pending": [],
      "skipped": [],
      "duration": 0,
      "root": true,
      "rootEmpty": true,
      "_timeout": 2000
    },
    {
      "uuid": "26f557fe-a9e8-4b59-8f1a-87646e368556",
      "title": "",
      "fullFile": "cypress/e2e/webdriver-uni/checkboxes.js",
      "file": "cypress/e2e/webdriver-uni/checkboxes.js",
      "beforeHooks": [],
      "afterHooks": [],
      "tests": [],
      "suites": [
        {
          "uuid": "3b748234-8f08-4655-8932-6525507cb1a9",
          "title": "Verify checkboxes via webdirveruni",
          "fullFile": "",
          "file": "",
          "beforeHooks": [],
          "afterHooks": [],
          "tests": [
            {
              "title": "check and validate checkboxes",
              "fullTitle": "Verify checkboxes via webdirveruni check and validate checkboxes",
              "timedOut": null,
              "duration": 2801,
              "state": "passed",
              "speed": "fast",
              "pass": true,
              "fail": false,
              "pending": false,
              "context": null,
              "code": "//cy.get('#checkboxes > :nth-child(1) > input').check()\ncy.get('#checkboxes > :nth-child(1) > input').check().should('be.checked');",
              "err": {},
              "uuid": "5777b687-1d7a-48c7-8d79-d3bf321cdd45",
              "parentUUID": "3b748234-8f08-4655-8932-6525507cb1a9",
              "isHook": false,
              "skipped": false
            },
            {
              "title": "Validate the uncheck of the checkbox",
              "fullTitle": "Verify checkboxes via webdirveruni Validate the uncheck of the checkbox",
              "timedOut": null,
              "duration": 837,
              "state": "passed",
              "speed": "fast",
              "pass": true,
              "fail": false,
              "pending": false,
              "context": null,
              "code": "cy.get(':nth-child(5) > input').uncheck().should('not.be.checked');",
              "err": {},
              "uuid": "df24b17b-4c9b-40b4-918a-8a1b10be67db",
              "parentUUID": "3b748234-8f08-4655-8932-6525507cb1a9",
              "isHook": false,
              "skipped": false
            },
            {
              "title": "Validate checking of all the checkboxes",
              "fullTitle": "Verify checkboxes via webdirveruni Validate checking of all the checkboxes",
              "timedOut": null,
              "duration": 965,
              "state": "passed",
              "speed": "fast",
              "pass": true,
              "fail": false,
              "pending": false,
              "context": null,
              "code": "cy.get('input[type=\"checkbox\"]').check().should('be.checked');",
              "err": {},
              "uuid": "6123dddc-781b-4c56-b550-5f1b57288921",
              "parentUUID": "3b748234-8f08-4655-8932-6525507cb1a9",
              "isHook": false,
              "skipped": false
            },
            {
              "title": "Validate checking of boxes in the checkboxes",
              "fullTitle": "Verify checkboxes via webdirveruni Validate checking of boxes in the checkboxes",
              "timedOut": null,
              "duration": 828,
              "state": "passed",
              "speed": "fast",
              "pass": true,
              "fail": false,
              "pending": false,
              "context": null,
              "code": "cy.get('input[type=\"checkbox\"]').as('checkbox');\ncy.get('@checkbox').check(['option-1', 'option-2']).should('be.checked').and('not.have.value', 'option-4');",
              "err": {},
              "uuid": "0024a034-d18e-4d8c-969a-038c7fb5dab4",
              "parentUUID": "3b748234-8f08-4655-8932-6525507cb1a9",
              "isHook": false,
              "skipped": false
            }
          ],
          "suites": [],
          "passes": [
            "5777b687-1d7a-48c7-8d79-d3bf321cdd45",
            "df24b17b-4c9b-40b4-918a-8a1b10be67db",
            "6123dddc-781b-4c56-b550-5f1b57288921",
            "0024a034-d18e-4d8c-969a-038c7fb5dab4"
          ],
          "failures": [],
          "pending": [],
          "skipped": [],
          "duration": 5431,
          "root": false,
          "rootEmpty": false,
          "_timeout": 2000
        }
      ],
      "passes": [],
      "failures": [],
      "pending": [],
      "skipped": [],
      "duration": 0,
      "root": true,
      "rootEmpty": true,
      "_timeout": 2000
    },
    {
      "uuid": "16061093-b20d-426f-aa7b-9a62e694da88",
      "title": "",
      "fullFile": "cypress/e2e/webdriver-uni/contact-us.js",
      "file": "cypress/e2e/webdriver-uni/contact-us.js",
      "beforeHooks": [],
      "afterHooks": [],
      "tests": [],
      "suites": [
        {
          "uuid": "6514577c-3cb5-47ca-8ce7-a79401a52fc6",
          "title": "Test Contact us form in WebdriverUni portal",
          "fullFile": "",
          "file": "",
          "beforeHooks": [],
          "afterHooks": [],
          "tests": [
            {
              "title": "Verify user should be able to submit a successful submition via contact us form",
              "fullTitle": "Test Contact us form in WebdriverUni portal Verify user should be able to submit a successful submition via contact us form",
              "timedOut": null,
              "duration": 4778,
              "state": "passed",
              "speed": "fast",
              "pass": true,
              "fail": false,
              "pending": false,
              "context": null,
              "code": "cy.document().should('have.property', 'charset').and('eq', 'UTF-8');\ncy.title().should('include', 'WebDriver | Contact Us');\ncy.url().should('include', 'contactus');\ncontactUsPage.webdriverUni_ContactForm_Submission(Cypress.env('firstName'), data.last_name, data.email, data.comment, 'h1', 'Thank You for your Message!');\n//cy.webdriverUni_ContactForm_Submission(Cypress.env('firstName'),data.last_name,data.email,data.comment,'h1','Thank You for your Message!')",
              "err": {},
              "uuid": "d4fb9389-562c-492c-b37e-378489c54ec5",
              "parentUUID": "6514577c-3cb5-47ca-8ce7-a79401a52fc6",
              "isHook": false,
              "skipped": false
            },
            {
              "title": "Verify user should not be able to submit a successful submition via contact us form as all fields are requred",
              "fullTitle": "Test Contact us form in WebdriverUni portal Verify user should not be able to submit a successful submition via contact us form as all fields are requred",
              "timedOut": null,
              "duration": 2435,
              "state": "passed",
              "speed": "fast",
              "pass": true,
              "fail": false,
              "pending": false,
              "context": null,
              "code": "// cy.get('[name=\"first_name\"]').type(data.first_name)\n// cy.get('[name=\"last_name\"]').type(data.last_name)\n// cy.get('[name=\"message\"]').type(\"This is a comment to add to the contact us page\")\n// cy.get('[type=\"submit\"]').click()\n// cy.get('body').contains('Error: all fields are required')\ncy.webdriverUni_ContactForm_Submission(data.first_name, data.last_name, \" \", data.comment, 'body', 'Error: Invalid email address');",
              "err": {},
              "uuid": "66e024a1-d144-46be-aa8b-daf3b7359b88",
              "parentUUID": "6514577c-3cb5-47ca-8ce7-a79401a52fc6",
              "isHook": false,
              "skipped": false
            },
            {
              "title": "Verify user should be able to submit a successful submition via contact us form without Page object",
              "fullTitle": "Test Contact us form in WebdriverUni portal Verify user should be able to submit a successful submition via contact us form without Page object",
              "timedOut": null,
              "duration": 5453,
              "state": "passed",
              "speed": "medium",
              "pass": true,
              "fail": false,
              "pending": false,
              "context": null,
              "code": "cy.document().should('have.property', 'charset').and('eq', 'UTF-8');\ncy.title().should('include', 'WebDriver | Contact Us');\ncy.url().should('include', 'contactus');\n//cy.pause()\ncy.get('[name=\"first_name\"]').type(data.first_name);\ncy.get('[name=\"last_name\"]').type(data.last_name);\ncy.get('[name=\"email\"]').type(data.email);\ncy.get('[name=\"message\"]').type(\"This is a comment to add to the contact us page\");\ncy.get('[type=\"submit\"]').click({\n  timeout: 8000\n}); // timeout wait override\ncy.get('h1').should('have.text', 'Thank You for your Message!', {\n  timeout: 60000\n});\ncy.screenshot();",
              "err": {},
              "uuid": "d3d29bd4-3890-4bb5-9e16-dd0a88f733dd",
              "parentUUID": "6514577c-3cb5-47ca-8ce7-a79401a52fc6",
              "isHook": false,
              "skipped": false
            }
          ],
          "suites": [],
          "passes": [
            "d4fb9389-562c-492c-b37e-378489c54ec5",
            "66e024a1-d144-46be-aa8b-daf3b7359b88",
            "d3d29bd4-3890-4bb5-9e16-dd0a88f733dd"
          ],
          "failures": [],
          "pending": [],
          "skipped": [],
          "duration": 12666,
          "root": false,
          "rootEmpty": false,
          "_timeout": 2000
        }
      ],
      "passes": [],
      "failures": [],
      "pending": [],
      "skipped": [],
      "duration": 0,
      "root": true,
      "rootEmpty": true,
      "_timeout": 2000
    },
    {
      "uuid": "4c7c3d66-5231-4558-99ca-b29e06d0f522",
      "title": "",
      "fullFile": "cypress/e2e/webdriver-uni/data-table.js",
      "file": "cypress/e2e/webdriver-uni/data-table.js",
      "beforeHooks": [],
      "afterHooks": [],
      "tests": [],
      "suites": [
        {
          "uuid": "f7db3c56-b673-4fee-98a9-18eac481da24",
          "title": "Handling data via webdriveruni",
          "fullFile": "",
          "file": "",
          "beforeHooks": [],
          "afterHooks": [],
          "tests": [
            {
              "title": "Calculate and assert the total age of all users",
              "fullTitle": "Handling data via webdriveruni Calculate and assert the total age of all users",
              "timedOut": null,
              "duration": 2953,
              "state": "passed",
              "speed": "fast",
              "pass": true,
              "fail": false,
              "pending": false,
              "context": null,
              "code": "let userDetails = [];\nlet numb = 0;\ncy.get('#thumbnail-1 td').each(($el, index, $list) => {\n  userDetails[index] = $el.text();\n}).then(() => {\n  var i;\n  for (i = 0; i < userDetails.length; i++) {\n    if (Number(userDetails[i])) {\n      numb += Number(userDetails[i]);\n    }\n    //cy.log(userDetails[i])\n  }\n  cy.log(\"Found total age: \" + numb);\n  expect(numb).to.eq(322);\n});",
              "err": {},
              "uuid": "52993479-3723-4504-9b69-2e8162d89c32",
              "parentUUID": "f7db3c56-b673-4fee-98a9-18eac481da24",
              "isHook": false,
              "skipped": false
            },
            {
              "title": "Calculate and assert the age of a given user based on last name",
              "fullTitle": "Handling data via webdriveruni Calculate and assert the age of a given user based on last name",
              "timedOut": null,
              "duration": 725,
              "state": "passed",
              "speed": "fast",
              "pass": true,
              "fail": false,
              "pending": false,
              "context": null,
              "code": "cy.get('#thumbnail-1 tr td:nth-child(2)').each(($el, index, $list) => {\n  const text = $el.text();\n  if (text.includes(\"Woods\")) {\n    cy.get('#thumbnail-1 tr td:nth-child(2)').eq(index).next().then(function (age) {\n      const userAge = age.text();\n      expect(userAge).to.equal(\"80\");\n    });\n  }\n});",
              "err": {},
              "uuid": "e6ae982e-934f-4e8e-95f2-c7d76804a280",
              "parentUUID": "f7db3c56-b673-4fee-98a9-18eac481da24",
              "isHook": false,
              "skipped": false
            }
          ],
          "suites": [],
          "passes": [
            "52993479-3723-4504-9b69-2e8162d89c32",
            "e6ae982e-934f-4e8e-95f2-c7d76804a280"
          ],
          "failures": [],
          "pending": [],
          "skipped": [],
          "duration": 3678,
          "root": false,
          "rootEmpty": false,
          "_timeout": 2000
        }
      ],
      "passes": [],
      "failures": [],
      "pending": [],
      "skipped": [],
      "duration": 0,
      "root": true,
      "rootEmpty": true,
      "_timeout": 2000
    },
    {
      "uuid": "a4df1732-4d6f-468d-a754-5ecc2dcc6a6c",
      "title": "",
      "fullFile": "cypress/e2e/webdriver-uni/date-picker.js",
      "file": "cypress/e2e/webdriver-uni/date-picker.js",
      "beforeHooks": [],
      "afterHooks": [],
      "tests": [],
      "suites": [
        {
          "uuid": "339c4997-a5b0-4295-ad40-af34e1597c32",
          "title": "Test date picker via webdriver uni",
          "fullFile": "",
          "file": "",
          "beforeHooks": [],
          "afterHooks": [],
          "tests": [
            {
              "title": "Select date from the datepickers",
              "fullTitle": "Test date picker via webdriver uni Select date from the datepickers",
              "timedOut": null,
              "duration": 4283,
              "state": "passed",
              "speed": "fast",
              "pass": true,
              "fail": false,
              "pending": false,
              "context": null,
              "code": "cy.visit('http://www.webdriveruniversity.com');\ncy.get('#datepicker').invoke('removeAttr', 'target').click();\ncy.get('#datepicker').click();\n// let date = new Date()\n// date.setDate(date.getDate()) // get current day \n// cy.log(date.getDate())\n// let date2 = new Date()\n// date2.setDate(date.getDate() + 5) // get current day +5 days\n// cy.log(date2.getDate())\nlet date = new Date();\ndate.setDate(date.getDate() + 360);\nlet futureYear = date.getFullYear();\nlet futureMonth = date.toLocaleString('default', {\n  month: 'long'\n});\nlet futureDate = date.getDate();\ncy.log(futureDate + \" \", futureMonth + \" \", futureYear);\nfunction selectMonthAndYear() {\n  cy.get('.datepicker-switch').first().then(currentDate => {\n    if (!currentDate.text().includes(futureYear)) {\n      cy.get('.next').first().click();\n      selectMonthAndYear();\n    }\n  }).then(() => {\n    cy.get('.datepicker-switch').first().then(currentDate => {\n      if (!currentDate.text().includes(futureMonth)) {\n        cy.get('.next').first().click();\n        selectMonthAndYear();\n      }\n    });\n  });\n}\nfunction selectDate() {\n  cy.get('[class=\"day\"]').contains(futureDate).click();\n}\nselectMonthAndYear();\nselectDate();",
              "err": {},
              "uuid": "f09615eb-3bd1-46ab-8776-45cc4bd432bf",
              "parentUUID": "339c4997-a5b0-4295-ad40-af34e1597c32",
              "isHook": false,
              "skipped": false
            }
          ],
          "suites": [],
          "passes": [
            "f09615eb-3bd1-46ab-8776-45cc4bd432bf"
          ],
          "failures": [],
          "pending": [],
          "skipped": [],
          "duration": 4283,
          "root": false,
          "rootEmpty": false,
          "_timeout": 2000
        }
      ],
      "passes": [],
      "failures": [],
      "pending": [],
      "skipped": [],
      "duration": 0,
      "root": true,
      "rootEmpty": true,
      "_timeout": 2000
    },
    {
      "uuid": "7e25322f-4390-4343-83b9-5735ddce9bb2",
      "title": "",
      "fullFile": "cypress/e2e/webdriver-uni/file-upload.js",
      "file": "cypress/e2e/webdriver-uni/file-upload.js",
      "beforeHooks": [],
      "afterHooks": [],
      "tests": [],
      "suites": [
        {
          "uuid": "571406f8-78d9-4e10-9cb8-d10a68d1b5a4",
          "title": "Test upload file via webdriveruni",
          "fullFile": "",
          "file": "",
          "beforeHooks": [],
          "afterHooks": [],
          "tests": [
            {
              "title": "Verify uploading a file",
              "fullTitle": "Test upload file via webdriveruni Verify uploading a file",
              "timedOut": null,
              "duration": 2772,
              "state": "passed",
              "speed": "fast",
              "pass": true,
              "fail": false,
              "pending": false,
              "context": null,
              "code": "cy.visit('http://www.webdriveruniversity.com');\ncy.get('#file-upload').invoke('removeAttr', 'target').click();\ncy.get('#myFile').selectFile('cypress/fixtures/sahan.jpeg');\ncy.get('#submit-button').click();\ncy.on('window:alert', $str => {\n  expect($str).equal('Your file has now been uploaded!');\n});",
              "err": {},
              "uuid": "04edbf3d-a514-4cef-aa15-7a992600a0e1",
              "parentUUID": "571406f8-78d9-4e10-9cb8-d10a68d1b5a4",
              "isHook": false,
              "skipped": false
            },
            {
              "title": "Verify uploading no file",
              "fullTitle": "Test upload file via webdriveruni Verify uploading no file",
              "timedOut": null,
              "duration": 944,
              "state": "passed",
              "speed": "fast",
              "pass": true,
              "fail": false,
              "pending": false,
              "context": null,
              "code": "cy.visit('http://www.webdriveruniversity.com');\ncy.get('#file-upload').invoke('removeAttr', 'target').click();\ncy.get('#submit-button').click();\ncy.on('window:alert', $str => {\n  expect($str).equal('You need to select a file to upload!');\n});",
              "err": {},
              "uuid": "87d5378b-a066-45cf-be1a-3cde990ea32a",
              "parentUUID": "571406f8-78d9-4e10-9cb8-d10a68d1b5a4",
              "isHook": false,
              "skipped": false
            }
          ],
          "suites": [],
          "passes": [
            "04edbf3d-a514-4cef-aa15-7a992600a0e1",
            "87d5378b-a066-45cf-be1a-3cde990ea32a"
          ],
          "failures": [],
          "pending": [],
          "skipped": [],
          "duration": 3716,
          "root": false,
          "rootEmpty": false,
          "_timeout": 2000
        }
      ],
      "passes": [],
      "failures": [],
      "pending": [],
      "skipped": [],
      "duration": 0,
      "root": true,
      "rootEmpty": true,
      "_timeout": 2000
    },
    {
      "uuid": "d67b9915-7407-4c24-b0b9-049c19308fa6",
      "title": "",
      "fullFile": "cypress/e2e/webdriver-uni/hooks.js",
      "file": "cypress/e2e/webdriver-uni/hooks.js",
      "beforeHooks": [],
      "afterHooks": [],
      "tests": [],
      "suites": [
        {
          "uuid": "f2b1e8c0-8e36-4ce1-a783-9b3279f96b37",
          "title": "Hooks",
          "fullFile": "",
          "file": "",
          "beforeHooks": [],
          "afterHooks": [],
          "tests": [
            {
              "title": "Example test 01",
              "fullTitle": "Hooks Example test 01",
              "timedOut": null,
              "duration": 72,
              "state": "passed",
              "speed": "fast",
              "pass": true,
              "fail": false,
              "pending": false,
              "context": null,
              "code": "cy.log(\"Example test 1\");",
              "err": {},
              "uuid": "c3bb46dc-fdbe-4ca3-83ea-09980d86c2cd",
              "parentUUID": "f2b1e8c0-8e36-4ce1-a783-9b3279f96b37",
              "isHook": false,
              "skipped": false
            },
            {
              "title": "Example test 02",
              "fullTitle": "Hooks Example test 02",
              "timedOut": null,
              "duration": 32,
              "state": "passed",
              "speed": "fast",
              "pass": true,
              "fail": false,
              "pending": false,
              "context": null,
              "code": "cy.log(\"Example test 2\");",
              "err": {},
              "uuid": "a61b8b84-bf36-44de-b7d6-507685b7f04f",
              "parentUUID": "f2b1e8c0-8e36-4ce1-a783-9b3279f96b37",
              "isHook": false,
              "skipped": false
            }
          ],
          "suites": [],
          "passes": [
            "c3bb46dc-fdbe-4ca3-83ea-09980d86c2cd",
            "a61b8b84-bf36-44de-b7d6-507685b7f04f"
          ],
          "failures": [],
          "pending": [],
          "skipped": [],
          "duration": 104,
          "root": false,
          "rootEmpty": false,
          "_timeout": 2000
        }
      ],
      "passes": [],
      "failures": [],
      "pending": [],
      "skipped": [],
      "duration": 0,
      "root": true,
      "rootEmpty": true,
      "_timeout": 2000
    },
    {
      "uuid": "52606962-7398-468c-bee6-2ed14e876bf4",
      "title": "",
      "fullFile": "cypress/e2e/webdriver-uni/iframe.js",
      "file": "cypress/e2e/webdriver-uni/iframe.js",
      "beforeHooks": [],
      "afterHooks": [],
      "tests": [],
      "suites": [
        {
          "uuid": "5e6027e2-a49a-43fb-badb-e98fdf3b968b",
          "title": "Handleing the iframes and modals",
          "fullFile": "",
          "file": "",
          "beforeHooks": [],
          "afterHooks": [],
          "tests": [
            {
              "title": "Handle webdriveruni iframe and modal",
              "fullTitle": "Handleing the iframes and modals Handle webdriveruni iframe and modal",
              "timedOut": null,
              "duration": 3902,
              "state": "passed",
              "speed": "fast",
              "pass": true,
              "fail": false,
              "pending": false,
              "context": null,
              "code": "cy.visit('http://www.webdriveruniversity.com');\ncy.get('#iframe').invoke('removeAttr', 'target').click();\ncy.get('#frame').then($iframe => {\n  const body = $iframe.contents().find('body');\n  cy.wrap(body).as('iframe');\n});\ncy.get('@iframe').find('#button-find-out-more').click();\ncy.get('@iframe').find('#myModal').as('modal');\ncy.get('@modal').then($expectedText => {\n  const text = $expectedText.text();\n  cy.log(text);\n  expect(text).include('Welcome to webdriveruniversity.com we sell a wide range of electrical goods');\n});\ncy.get('@modal').contains('Close').click();\ncy.get('@modal').should('not.be.visible');",
              "err": {},
              "uuid": "7dcafbf4-b1f7-4048-894a-eb812fa743bb",
              "parentUUID": "5e6027e2-a49a-43fb-badb-e98fdf3b968b",
              "isHook": false,
              "skipped": false
            }
          ],
          "suites": [],
          "passes": [
            "7dcafbf4-b1f7-4048-894a-eb812fa743bb"
          ],
          "failures": [],
          "pending": [],
          "skipped": [],
          "duration": 3902,
          "root": false,
          "rootEmpty": false,
          "_timeout": 2000
        }
      ],
      "passes": [],
      "failures": [],
      "pending": [],
      "skipped": [],
      "duration": 0,
      "root": true,
      "rootEmpty": true,
      "_timeout": 2000
    },
    {
      "uuid": "24467d3f-452a-41ce-ad29-70653066775b",
      "title": "",
      "fullFile": "cypress/e2e/webdriver-uni/js-alert.js",
      "file": "cypress/e2e/webdriver-uni/js-alert.js",
      "beforeHooks": [],
      "afterHooks": [],
      "tests": [],
      "suites": [
        {
          "uuid": "4e5c2a86-2649-43be-b990-85fc3ede338b",
          "title": "Handling js alerts",
          "fullFile": "",
          "file": "",
          "beforeHooks": [],
          "afterHooks": [],
          "tests": [
            {
              "title": "Confirm the js alert is contain correct text",
              "fullTitle": "Handling js alerts Confirm the js alert is contain correct text",
              "timedOut": null,
              "duration": 2689,
              "state": "passed",
              "speed": "fast",
              "pass": true,
              "fail": false,
              "pending": false,
              "context": null,
              "code": "cy.visit('http://www.webdriveruniversity.com/');\ncy.get('#popup-alerts').invoke('removeAttr', 'target').click();\ncy.get('#button1').click();\ncy.on('window:alert', $str => {\n  expect($str).equal('I am an alert box!');\n});",
              "err": {},
              "uuid": "e80d9866-2e81-45aa-8106-4a1c2a1acf91",
              "parentUUID": "4e5c2a86-2649-43be-b990-85fc3ede338b",
              "isHook": false,
              "skipped": false
            },
            {
              "title": "Validaate the js alert ox working correctly when clicking ok button",
              "fullTitle": "Handling js alerts Validaate the js alert ox working correctly when clicking ok button",
              "timedOut": null,
              "duration": 710,
              "state": "passed",
              "speed": "fast",
              "pass": true,
              "fail": false,
              "pending": false,
              "context": null,
              "code": "cy.visit('http://www.webdriveruniversity.com/');\ncy.get('#popup-alerts').invoke('removeAttr', 'target').click();\ncy.get('#button4').click();\ncy.on('window:confirm', () => {\n  return true;\n});\ncy.get('#confirm-alert-text').should('have.text', 'You pressed OK!');",
              "err": {},
              "uuid": "41f88721-dc8d-41d8-bdc5-e26c9869dc7c",
              "parentUUID": "4e5c2a86-2649-43be-b990-85fc3ede338b",
              "isHook": false,
              "skipped": false
            },
            {
              "title": "Validaate the js alert ox working correctly when clicking cancel button",
              "fullTitle": "Handling js alerts Validaate the js alert ox working correctly when clicking cancel button",
              "timedOut": null,
              "duration": 682,
              "state": "passed",
              "speed": "fast",
              "pass": true,
              "fail": false,
              "pending": false,
              "context": null,
              "code": "cy.visit('http://www.webdriveruniversity.com/');\ncy.get('#popup-alerts').invoke('removeAttr', 'target').click();\ncy.get('#button4').click();\ncy.on('window:confirm', () => {\n  return false;\n});\ncy.get('#confirm-alert-text').should('have.text', 'You pressed Cancel!');",
              "err": {},
              "uuid": "31e6cdd5-56e3-4169-8d08-07d65eb8b249",
              "parentUUID": "4e5c2a86-2649-43be-b990-85fc3ede338b",
              "isHook": false,
              "skipped": false
            },
            {
              "title": "Validate js confirm alert box using a stub",
              "fullTitle": "Handling js alerts Validate js confirm alert box using a stub",
              "timedOut": null,
              "duration": 677,
              "state": "passed",
              "speed": "fast",
              "pass": true,
              "fail": false,
              "pending": false,
              "context": null,
              "code": "cy.visit(\"http://www.webdriveruniversity.com\");\ncy.get('#popup-alerts').invoke('removeAttr', 'target').click({\n  force: true\n});\nconst stub = cy.stub();\ncy.on('window:confirm', stub);\ncy.get('#button4').click().then(() => {\n  expect(stub.getCall(0)).to.be.calledWith('Press a button!');\n}).then(() => {\n  return true;\n}).then(() => {\n  cy.get('#confirm-alert-text').contains('You pressed OK!');\n});",
              "err": {},
              "uuid": "dcc43298-e8e0-4a03-8af7-b3fb8705c0f4",
              "parentUUID": "4e5c2a86-2649-43be-b990-85fc3ede338b",
              "isHook": false,
              "skipped": false
            }
          ],
          "suites": [],
          "passes": [
            "e80d9866-2e81-45aa-8106-4a1c2a1acf91",
            "41f88721-dc8d-41d8-bdc5-e26c9869dc7c",
            "31e6cdd5-56e3-4169-8d08-07d65eb8b249",
            "dcc43298-e8e0-4a03-8af7-b3fb8705c0f4"
          ],
          "failures": [],
          "pending": [],
          "skipped": [],
          "duration": 4758,
          "root": false,
          "rootEmpty": false,
          "_timeout": 2000
        }
      ],
      "passes": [],
      "failures": [],
      "pending": [],
      "skipped": [],
      "duration": 0,
      "root": true,
      "rootEmpty": true,
      "_timeout": 2000
    },
    {
      "uuid": "32b0e0b0-bd73-4555-aecf-e87ba2be1e7f",
      "title": "",
      "fullFile": "cypress/e2e/webdriver-uni/mouse-actions.js",
      "file": "cypress/e2e/webdriver-uni/mouse-actions.js",
      "beforeHooks": [],
      "afterHooks": [],
      "tests": [],
      "suites": [
        {
          "uuid": "e559b788-7534-40d1-8dea-9c8bb2947f56",
          "title": "Test mouse actions",
          "fullFile": "",
          "file": "",
          "beforeHooks": [],
          "afterHooks": [],
          "tests": [
            {
              "title": "Should be able to mouse hover over elements",
              "fullTitle": "Test mouse actions Should be able to mouse hover over elements",
              "timedOut": null,
              "duration": 2336,
              "state": "passed",
              "speed": "fast",
              "pass": true,
              "fail": false,
              "pending": false,
              "context": null,
              "code": "cy.visit('http://www.webdriveruniversity.com/');\ncy.get('#actions').scrollIntoView().invoke('removeAttr', 'target').click();\ncy.get('#div-hover .dropbtn').contains('Hover Over Me Second!').trigger('mouseover', {\n  which: 1\n});",
              "err": {},
              "uuid": "780645d1-f431-4b8b-904d-dcba4a558596",
              "parentUUID": "e559b788-7534-40d1-8dea-9c8bb2947f56",
              "isHook": false,
              "skipped": false
            }
          ],
          "suites": [],
          "passes": [
            "780645d1-f431-4b8b-904d-dcba4a558596"
          ],
          "failures": [],
          "pending": [],
          "skipped": [],
          "duration": 2336,
          "root": false,
          "rootEmpty": false,
          "_timeout": 2000
        }
      ],
      "passes": [],
      "failures": [],
      "pending": [],
      "skipped": [],
      "duration": 0,
      "root": true,
      "rootEmpty": true,
      "_timeout": 2000
    },
    {
      "uuid": "a024c76f-4f6f-43e8-9a9b-2a6148b553f8",
      "title": "",
      "fullFile": "cypress/e2e/webdriver-uni/radio-button.js",
      "file": "cypress/e2e/webdriver-uni/radio-button.js",
      "beforeHooks": [],
      "afterHooks": [],
      "tests": [],
      "suites": [
        {
          "uuid": "ba0626bc-717e-43d4-bf6b-336db4a9010f",
          "title": "Verify radio buttons via webdirveruni",
          "fullFile": "",
          "file": "",
          "beforeHooks": [],
          "afterHooks": [],
          "tests": [
            {
              "title": "Check specific radio button interactions",
              "fullTitle": "Verify radio buttons via webdirveruni Check specific radio button interactions",
              "timedOut": null,
              "duration": 2820,
              "state": "passed",
              "speed": "fast",
              "pass": true,
              "fail": false,
              "pending": false,
              "context": null,
              "code": "cy.get('#radio-buttons').find('[type=\"radio\"]').first().check();\ncy.get('#radio-buttons').find('[type=\"radio\"]').eq(1).check();\ncy.get('#radio-buttons').find('[type=\"radio\"]').check('orange');",
              "err": {},
              "uuid": "4900ba56-0141-430c-bfca-512b58fdf941",
              "parentUUID": "ba0626bc-717e-43d4-bf6b-336db4a9010f",
              "isHook": false,
              "skipped": false
            },
            {
              "title": "Validate the states of specific radio buttons",
              "fullTitle": "Verify radio buttons via webdirveruni Validate the states of specific radio buttons",
              "timedOut": null,
              "duration": 961,
              "state": "passed",
              "speed": "fast",
              "pass": true,
              "fail": false,
              "pending": false,
              "context": null,
              "code": "cy.get('[value=\"lettuce\"]').should('not.be.checked');\ncy.get('[value=\"pumpkin\"]').should('be.checked');\ncy.get('[value=\"lettuce\"]').check();\ncy.get('[value=\"lettuce\"]').should('be.checked');\ncy.get('[value=\"pumpkin\"]').should('not.be.checked');\ncy.get('[value=\"cabbage\"]').should('be.disabled');\ncy.get('[value=\"cabbage\"]').check({\n  force: true\n});\ncy.get('[value=\"lettuce\"]').should('not.be.checked');\ncy.get('[value=\"pumpkin\"]').should('not.be.checked');",
              "err": {},
              "uuid": "b8651757-265f-48f9-96c7-21f3cc734b54",
              "parentUUID": "ba0626bc-717e-43d4-bf6b-336db4a9010f",
              "isHook": false,
              "skipped": false
            }
          ],
          "suites": [],
          "passes": [
            "4900ba56-0141-430c-bfca-512b58fdf941",
            "b8651757-265f-48f9-96c7-21f3cc734b54"
          ],
          "failures": [],
          "pending": [],
          "skipped": [],
          "duration": 3781,
          "root": false,
          "rootEmpty": false,
          "_timeout": 2000
        }
      ],
      "passes": [],
      "failures": [],
      "pending": [],
      "skipped": [],
      "duration": 0,
      "root": true,
      "rootEmpty": true,
      "_timeout": 2000
    },
    {
      "uuid": "7fa4dcb8-3ade-49f2-b20d-5034509e3961",
      "title": "",
      "fullFile": "cypress/e2e/webdriver-uni/select-dropdown-list.js",
      "file": "cypress/e2e/webdriver-uni/select-dropdown-list.js",
      "beforeHooks": [],
      "afterHooks": [],
      "tests": [],
      "suites": [
        {
          "uuid": "619699ad-61f6-409d-af69-972aaefbffad",
          "title": "Interact with dropdown lists via webdirveruni",
          "fullFile": "",
          "file": "",
          "beforeHooks": [],
          "afterHooks": [],
          "tests": [
            {
              "title": "Selet specific values via select dropdown lists",
              "fullTitle": "Interact with dropdown lists via webdirveruni Selet specific values via select dropdown lists",
              "timedOut": null,
              "duration": 2829,
              "state": "passed",
              "speed": "fast",
              "pass": true,
              "fail": false,
              "pending": false,
              "context": null,
              "code": "cy.visit('http://www.webdriveruniversity.com');\ncy.get('#dropdown-checkboxes-radiobuttons').invoke('removeAttr', 'target').click();\ncy.get('#dropdowm-menu-1').select('python');\ncy.get('#dropdowm-menu-2').select('TestNG');\ncy.get('#dropdowm-menu-3').select('javascript').should('have.value', 'javascript');\ncy.get('select#dropdowm-menu-1 option:selected').should('have.text', 'Python');",
              "err": {},
              "uuid": "c748f2c7-956d-4488-a34c-0b32c59b5dca",
              "parentUUID": "619699ad-61f6-409d-af69-972aaefbffad",
              "isHook": false,
              "skipped": false
            }
          ],
          "suites": [],
          "passes": [
            "c748f2c7-956d-4488-a34c-0b32c59b5dca"
          ],
          "failures": [],
          "pending": [],
          "skipped": [],
          "duration": 2829,
          "root": false,
          "rootEmpty": false,
          "_timeout": 2000
        }
      ],
      "passes": [],
      "failures": [],
      "pending": [],
      "skipped": [],
      "duration": 0,
      "root": true,
      "rootEmpty": true,
      "_timeout": 2000
    },
    {
      "uuid": "6db0ac55-406f-422b-a88d-ddc24e80c8f7",
      "title": "",
      "fullFile": "cypress/e2e/webdriver-uni/selectors.js",
      "file": "cypress/e2e/webdriver-uni/selectors.js",
      "beforeHooks": [],
      "afterHooks": [],
      "tests": [],
      "suites": [
        {
          "uuid": "ca717307-2f5c-4011-9601-5e6f17da9111",
          "title": "Selector examples",
          "fullFile": "",
          "file": "",
          "beforeHooks": [],
          "afterHooks": [],
          "tests": [
            {
              "title": "Examples of Selectors via WebdriverUni Contact Us Page",
              "fullTitle": "Selector examples Examples of Selectors via WebdriverUni Contact Us Page",
              "timedOut": null,
              "duration": 1060,
              "state": "passed",
              "speed": "fast",
              "pass": true,
              "fail": false,
              "pending": false,
              "context": null,
              "code": "cy.visit(\"http://www.webdriveruniversity.com/Contact-Us/contactus.html\");\n//By tag name\ncy.get(\"input\");\n//By attribute name and value\ncy.get(\"input[name='first_name']\");\n//By id\ncy.get(\"#contact_me\");\n//By class\ncy.get(\".feedback-input\");\n//By multiple classes\ncy.get(\"[class='navbar navbar-inverse navbar-fixed-top']\");\n//By two different attributes\ncy.get(\"[name='email'][placeholder='Email Address']\");\n//By xpath\ncy.xpath(\"//input[@name='first_name']\");",
              "err": {},
              "uuid": "03148d39-fdc8-4676-89b4-0a9f106a989a",
              "parentUUID": "ca717307-2f5c-4011-9601-5e6f17da9111",
              "isHook": false,
              "skipped": false
            }
          ],
          "suites": [],
          "passes": [
            "03148d39-fdc8-4676-89b4-0a9f106a989a"
          ],
          "failures": [],
          "pending": [],
          "skipped": [],
          "duration": 1060,
          "root": false,
          "rootEmpty": false,
          "_timeout": 2000
        }
      ],
      "passes": [],
      "failures": [],
      "pending": [],
      "skipped": [],
      "duration": 0,
      "root": true,
      "rootEmpty": true,
      "_timeout": 2000
    },
    {
      "uuid": "c90c3ab7-656f-436c-8fb8-b735d9a7efe9",
      "title": "",
      "fullFile": "cypress/e2e/webdriver-uni/traversing-elements.js",
      "file": "cypress/e2e/webdriver-uni/traversing-elements.js",
      "beforeHooks": [],
      "afterHooks": [],
      "tests": [],
      "suites": [
        {
          "uuid": "e4907df4-683b-426a-8a0a-70e8f8ac3adb",
          "title": "Traversing DOM elements in Cypress",
          "fullFile": "",
          "file": "",
          "beforeHooks": [],
          "afterHooks": [],
          "tests": [
            {
              "title": "children() to get the children of DOM elements",
              "fullTitle": "Traversing DOM elements in Cypress children() to get the children of DOM elements",
              "timedOut": null,
              "duration": 2286,
              "state": "passed",
              "speed": "fast",
              "pass": true,
              "fail": false,
              "pending": false,
              "context": null,
              "code": "cy.get('.traversal-breadcrumb').children('.active').should('contain', 'Contact Us');",
              "err": {},
              "uuid": "f8326220-cac9-4677-849a-ad82d3155bad",
              "parentUUID": "e4907df4-683b-426a-8a0a-70e8f8ac3adb",
              "isHook": false,
              "skipped": false
            },
            {
              "title": "closest() to validate the closest ancestor DOM element",
              "fullTitle": "Traversing DOM elements in Cypress closest() to validate the closest ancestor DOM element",
              "timedOut": null,
              "duration": 804,
              "state": "passed",
              "speed": "fast",
              "pass": true,
              "fail": false,
              "pending": false,
              "context": null,
              "code": "cy.get('.traversal-badge').closest('ul').should('have.class', 'list-group');",
              "err": {},
              "uuid": "bd17c038-2358-48c1-a2a6-82a62d2d4298",
              "parentUUID": "e4907df4-683b-426a-8a0a-70e8f8ac3adb",
              "isHook": false,
              "skipped": false
            },
            {
              "title": "eq() to retrieve a specific element based on index",
              "fullTitle": "Traversing DOM elements in Cypress eq() to retrieve a specific element based on index",
              "timedOut": null,
              "duration": 716,
              "state": "passed",
              "speed": "fast",
              "pass": true,
              "fail": false,
              "pending": false,
              "context": null,
              "code": "cy.get('.traversal-drinks-list > *').eq(2).should('contain', 'Milk');",
              "err": {},
              "uuid": "44d65f8f-3956-42c8-a52d-42a271b0f847",
              "parentUUID": "e4907df4-683b-426a-8a0a-70e8f8ac3adb",
              "isHook": false,
              "skipped": false
            },
            {
              "title": "filter() to retrieve DOM elements that match a specific selector",
              "fullTitle": "Traversing DOM elements in Cypress filter() to retrieve DOM elements that match a specific selector",
              "timedOut": null,
              "duration": 721,
              "state": "passed",
              "speed": "fast",
              "pass": true,
              "fail": false,
              "pending": false,
              "context": null,
              "code": "cy.get('.btn-group-toggle> *').filter('.active').should('contain', 'Button-1');",
              "err": {},
              "uuid": "d332ea4f-7727-4519-ab81-5c0a3807b371",
              "parentUUID": "e4907df4-683b-426a-8a0a-70e8f8ac3adb",
              "isHook": false,
              "skipped": false
            },
            {
              "title": "find() to retrieve DOM elements of a given selector",
              "fullTitle": "Traversing DOM elements in Cypress find() to retrieve DOM elements of a given selector",
              "timedOut": null,
              "duration": 759,
              "state": "passed",
              "speed": "fast",
              "pass": true,
              "fail": false,
              "pending": false,
              "context": null,
              "code": "cy.get('.traversal-pagination').find('li').find('a').should('have.length', 7);",
              "err": {},
              "uuid": "ec0d6919-1cab-4e66-9257-aa907673d970",
              "parentUUID": "e4907df4-683b-426a-8a0a-70e8f8ac3adb",
              "isHook": false,
              "skipped": false
            },
            {
              "title": "first() to retrieve the first DOM element within elements ",
              "fullTitle": "Traversing DOM elements in Cypress first() to retrieve the first DOM element within elements ",
              "timedOut": null,
              "duration": 722,
              "state": "passed",
              "speed": "fast",
              "pass": true,
              "fail": false,
              "pending": false,
              "context": null,
              "code": "cy.get('.traversal-table > tbody > tr > td').first().should('have.text', 'Andy');",
              "err": {},
              "uuid": "d2174523-3011-4711-b845-0b9295778203",
              "parentUUID": "e4907df4-683b-426a-8a0a-70e8f8ac3adb",
              "isHook": false,
              "skipped": false
            },
            {
              "title": "last() to retrieve the last DOM element within elements",
              "fullTitle": "Traversing DOM elements in Cypress last() to retrieve the last DOM element within elements",
              "timedOut": null,
              "duration": 859,
              "state": "passed",
              "speed": "fast",
              "pass": true,
              "fail": false,
              "pending": false,
              "context": null,
              "code": "cy.get('.traversal-table > tbody > tr > td').last().should('have.text', 'Scott');",
              "err": {},
              "uuid": "8b00469c-5e18-45a7-b60c-1e220189a97b",
              "parentUUID": "e4907df4-683b-426a-8a0a-70e8f8ac3adb",
              "isHook": false,
              "skipped": false
            },
            {
              "title": "nextAll() to get all of the next sibling DOM elements within elements",
              "fullTitle": "Traversing DOM elements in Cypress nextAll() to get all of the next sibling DOM elements within elements",
              "timedOut": null,
              "duration": 745,
              "state": "passed",
              "speed": "fast",
              "pass": true,
              "fail": false,
              "pending": false,
              "context": null,
              "code": "cy.get('.traversal-drinks-list').contains('Tea').nextAll().should('have.length', 3);",
              "err": {},
              "uuid": "24f82911-cbbf-45f6-afa6-912f406c406a",
              "parentUUID": "e4907df4-683b-426a-8a0a-70e8f8ac3adb",
              "isHook": false,
              "skipped": false
            },
            {
              "title": "nextUntil() to get all of the next sibling DOM elements within elements until another element",
              "fullTitle": "Traversing DOM elements in Cypress nextUntil() to get all of the next sibling DOM elements within elements until another element",
              "timedOut": null,
              "duration": 1190,
              "state": "passed",
              "speed": "fast",
              "pass": true,
              "fail": false,
              "pending": false,
              "context": null,
              "code": "cy.get('#coffee').nextUntil('#espresso');",
              "err": {},
              "uuid": "a46287e5-77f5-43c6-99b0-116b9e3d1499",
              "parentUUID": "e4907df4-683b-426a-8a0a-70e8f8ac3adb",
              "isHook": false,
              "skipped": false
            },
            {
              "title": "not() to remove DOM element(s) from the set of elements",
              "fullTitle": "Traversing DOM elements in Cypress not() to remove DOM element(s) from the set of elements",
              "timedOut": null,
              "duration": 792,
              "state": "passed",
              "speed": "fast",
              "pass": true,
              "fail": false,
              "pending": false,
              "context": null,
              "code": "cy.get('.traversal-button-states > button').not('.disabled').should('not.have.class');",
              "err": {},
              "uuid": "bd1e93a0-2cff-4066-93bd-b2f2f1350633",
              "parentUUID": "e4907df4-683b-426a-8a0a-70e8f8ac3adb",
              "isHook": false,
              "skipped": false
            },
            {
              "title": "parent() To get parent DOM element of elements",
              "fullTitle": "Traversing DOM elements in Cypress parent() To get parent DOM element of elements",
              "timedOut": null,
              "duration": 729,
              "state": "passed",
              "speed": "fast",
              "pass": true,
              "fail": false,
              "pending": false,
              "context": null,
              "code": "cy.get('.traversal-mark').parent().should('contain', 'Lorem ipsum dolor sit amet, consectetur adipiscing elit');",
              "err": {},
              "uuid": "6ae12c6e-2395-4c56-a67b-44123acd5a37",
              "parentUUID": "e4907df4-683b-426a-8a0a-70e8f8ac3adb",
              "isHook": false,
              "skipped": false
            },
            {
              "title": "parents() to get parents DOM element of elements",
              "fullTitle": "Traversing DOM elements in Cypress parents() to get parents DOM element of elements",
              "timedOut": null,
              "duration": 793,
              "state": "passed",
              "speed": "fast",
              "pass": true,
              "fail": false,
              "pending": false,
              "context": null,
              "code": "cy.get('.traversal-cite').parents().should('match', 'blockquote');",
              "err": {},
              "uuid": "1a1060fb-6c22-4249-ae20-ded6c7393d62",
              "parentUUID": "e4907df4-683b-426a-8a0a-70e8f8ac3adb",
              "isHook": false,
              "skipped": false
            },
            {
              "title": "prev() to get the previous sibling DOM element within elements",
              "fullTitle": "Traversing DOM elements in Cypress prev() to get the previous sibling DOM element within elements",
              "timedOut": null,
              "duration": 711,
              "state": "passed",
              "speed": "fast",
              "pass": true,
              "fail": false,
              "pending": false,
              "context": null,
              "code": "cy.get('#sugar').prev().contains('Espresso');",
              "err": {},
              "uuid": "9afed28c-0130-44d7-9cac-fea1de1f3724",
              "parentUUID": "e4907df4-683b-426a-8a0a-70e8f8ac3adb",
              "isHook": false,
              "skipped": false
            },
            {
              "title": "prevAll() to get all previous sibling DOM elements within elements",
              "fullTitle": "Traversing DOM elements in Cypress prevAll() to get all previous sibling DOM elements within elements",
              "timedOut": null,
              "duration": 807,
              "state": "passed",
              "speed": "fast",
              "pass": true,
              "fail": false,
              "pending": false,
              "context": null,
              "code": "cy.get('.sales').prevAll().should('have.length', 2);",
              "err": {},
              "uuid": "0d321ba7-dad9-457c-9aff-f3407e3752ae",
              "parentUUID": "e4907df4-683b-426a-8a0a-70e8f8ac3adb",
              "isHook": false,
              "skipped": false
            },
            {
              "title": "prevUntil() to get all previous sibling DOM elements within elements until other element",
              "fullTitle": "Traversing DOM elements in Cypress prevUntil() to get all previous sibling DOM elements within elements until other element",
              "timedOut": null,
              "duration": 707,
              "state": "passed",
              "speed": "fast",
              "pass": true,
              "fail": false,
              "pending": false,
              "context": null,
              "code": "cy.get('#veggie').prevUntil('#fruits').should('have.length', 5);",
              "err": {},
              "uuid": "332e133b-e4ab-4752-83b5-d27ca70c4132",
              "parentUUID": "e4907df4-683b-426a-8a0a-70e8f8ac3adb",
              "isHook": false,
              "skipped": false
            },
            {
              "title": "siblings() To get all sibling DOM elements of elements",
              "fullTitle": "Traversing DOM elements in Cypress siblings() To get all sibling DOM elements of elements",
              "timedOut": null,
              "duration": 777,
              "state": "passed",
              "speed": "fast",
              "pass": true,
              "fail": false,
              "pending": false,
              "context": null,
              "code": "cy.get('.traversal-button-other-states .active').siblings().should('have.length', 3);",
              "err": {},
              "uuid": "6a83c9d9-b181-433f-b2bf-a8b80f11d447",
              "parentUUID": "e4907df4-683b-426a-8a0a-70e8f8ac3adb",
              "isHook": false,
              "skipped": false
            }
          ],
          "suites": [],
          "passes": [
            "f8326220-cac9-4677-849a-ad82d3155bad",
            "bd17c038-2358-48c1-a2a6-82a62d2d4298",
            "44d65f8f-3956-42c8-a52d-42a271b0f847",
            "d332ea4f-7727-4519-ab81-5c0a3807b371",
            "ec0d6919-1cab-4e66-9257-aa907673d970",
            "d2174523-3011-4711-b845-0b9295778203",
            "8b00469c-5e18-45a7-b60c-1e220189a97b",
            "24f82911-cbbf-45f6-afa6-912f406c406a",
            "a46287e5-77f5-43c6-99b0-116b9e3d1499",
            "bd1e93a0-2cff-4066-93bd-b2f2f1350633",
            "6ae12c6e-2395-4c56-a67b-44123acd5a37",
            "1a1060fb-6c22-4249-ae20-ded6c7393d62",
            "9afed28c-0130-44d7-9cac-fea1de1f3724",
            "0d321ba7-dad9-457c-9aff-f3407e3752ae",
            "332e133b-e4ab-4752-83b5-d27ca70c4132",
            "6a83c9d9-b181-433f-b2bf-a8b80f11d447"
          ],
          "failures": [],
          "pending": [],
          "skipped": [],
          "duration": 14118,
          "root": false,
          "rootEmpty": false,
          "_timeout": 2000
        }
      ],
      "passes": [],
      "failures": [],
      "pending": [],
      "skipped": [],
      "duration": 0,
      "root": true,
      "rootEmpty": true,
      "_timeout": 2000
    }
  ],
  "meta": {
    "mocha": {
      "version": "7.0.1"
    },
    "mochawesome": {
      "options": {
        "quiet": false,
        "reportFilename": "mochawesome",
        "saveHtml": false,
        "saveJson": true,
        "consoleReporter": "spec",
        "useInlineDiffs": false,
        "code": true
      },
      "version": "7.1.3"
    },
    "marge": {
      "options": {
        "id": "default",
        "reportDir": "cypress/results/mochawesome",
        "quite": true,
        "overwrite": false,
        "html": false,
        "json": true
      },
      "version": "6.2.0"
    }
  }
}